{"/Users/halimsyarif/Documents/Learn/metaco_test/backend/app.js": {"path":"/Users/halimsyarif/Documents/Learn/metaco_test/backend/app.js","statementMap":{"0":{"start":{"line":2,"column":16},"end":{"line":2,"column":34}},"1":{"start":{"line":3,"column":12},"end":{"line":3,"column":21}},"2":{"start":{"line":4,"column":13},"end":{"line":4,"column":28}},"3":{"start":{"line":5,"column":15},"end":{"line":5,"column":34}},"4":{"start":{"line":8,"column":0},"end":{"line":8,"column":15}},"5":{"start":{"line":9,"column":0},"end":{"line":9,"column":23}},"6":{"start":{"line":10,"column":0},"end":{"line":10,"column":45}},"7":{"start":{"line":13,"column":0},"end":{"line":13,"column":15}},"8":{"start":{"line":17,"column":0},"end":{"line":17,"column":20}}},"fnMap":{},"branchMap":{},"s":{"0":1,"1":1,"2":1,"3":1,"4":1,"5":1,"6":1,"7":1,"8":1},"f":{},"b":{},"_coverageSchema":"1a1c01bbd47fc00a2c39e90264f33305004495a9","hash":"439090b18453c70830f7a21cbb17d23066963d4a"}
,"/Users/halimsyarif/Documents/Learn/metaco_test/backend/controllers/tournaments.js": {"path":"/Users/halimsyarif/Documents/Learn/metaco_test/backend/controllers/tournaments.js","statementMap":{"0":{"start":{"line":1,"column":78},"end":{"line":1,"column":98}},"1":{"start":{"line":2,"column":24},"end":{"line":2,"column":61}},"2":{"start":{"line":3,"column":28},"end":{"line":3,"column":69}},"3":{"start":{"line":4,"column":39},"end":{"line":4,"column":91}},"4":{"start":{"line":5,"column":27},"end":{"line":5,"column":67}},"5":{"start":{"line":9,"column":4},"end":{"line":43,"column":5}},"6":{"start":{"line":10,"column":30},"end":{"line":10,"column":39}},"7":{"start":{"line":12,"column":6},"end":{"line":12,"column":27}},"8":{"start":{"line":12,"column":18},"end":{"line":12,"column":27}},"9":{"start":{"line":13,"column":6},"end":{"line":13,"column":29}},"10":{"start":{"line":13,"column":19},"end":{"line":13,"column":29}},"11":{"start":{"line":15,"column":21},"end":{"line":37,"column":7}},"12":{"start":{"line":39,"column":19},"end":{"line":39,"column":59}},"13":{"start":{"line":40,"column":6},"end":{"line":40,"column":33}},"14":{"start":{"line":42,"column":6},"end":{"line":42,"column":16}},"15":{"start":{"line":47,"column":4},"end":{"line":91,"column":5}},"16":{"start":{"line":48,"column":41},"end":{"line":48,"column":49}},"17":{"start":{"line":49,"column":27},"end":{"line":49,"column":37}},"18":{"start":{"line":51,"column":6},"end":{"line":51,"column":96}},"19":{"start":{"line":51,"column":67},"end":{"line":51,"column":96}},"20":{"start":{"line":52,"column":6},"end":{"line":52,"column":70}},"21":{"start":{"line":52,"column":38},"end":{"line":52,"column":70}},"22":{"start":{"line":54,"column":25},"end":{"line":56,"column":8}},"23":{"start":{"line":58,"column":6},"end":{"line":58,"column":49}},"24":{"start":{"line":58,"column":23},"end":{"line":58,"column":49}},"25":{"start":{"line":60,"column":6},"end":{"line":60,"column":83}},"26":{"start":{"line":60,"column":52},"end":{"line":60,"column":83}},"27":{"start":{"line":61,"column":6},"end":{"line":61,"column":79}},"28":{"start":{"line":61,"column":52},"end":{"line":61,"column":79}},"29":{"start":{"line":64,"column":6},"end":{"line":69,"column":8}},"30":{"start":{"line":72,"column":6},"end":{"line":86,"column":8}},"31":{"start":{"line":81,"column":8},"end":{"line":85,"column":9}},"32":{"start":{"line":81,"column":21},"end":{"line":81,"column":22}},"33":{"start":{"line":82,"column":23},"end":{"line":82,"column":34}},"34":{"start":{"line":83,"column":10},"end":{"line":83,"column":48}},"35":{"start":{"line":84,"column":10},"end":{"line":84,"column":21}},"36":{"start":{"line":88,"column":6},"end":{"line":88,"column":60}},"37":{"start":{"line":90,"column":6},"end":{"line":90,"column":16}},"38":{"start":{"line":95,"column":4},"end":{"line":165,"column":5}},"39":{"start":{"line":96,"column":60},"end":{"line":96,"column":68}},"40":{"start":{"line":97,"column":27},"end":{"line":97,"column":37}},"41":{"start":{"line":99,"column":6},"end":{"line":99,"column":96}},"42":{"start":{"line":99,"column":67},"end":{"line":99,"column":96}},"43":{"start":{"line":100,"column":6},"end":{"line":100,"column":96}},"44":{"start":{"line":100,"column":60},"end":{"line":100,"column":96}},"45":{"start":{"line":102,"column":25},"end":{"line":104,"column":8}},"46":{"start":{"line":106,"column":6},"end":{"line":106,"column":49}},"47":{"start":{"line":106,"column":23},"end":{"line":106,"column":49}},"48":{"start":{"line":108,"column":6},"end":{"line":108,"column":83}},"49":{"start":{"line":108,"column":52},"end":{"line":108,"column":83}},"50":{"start":{"line":109,"column":6},"end":{"line":109,"column":79}},"51":{"start":{"line":109,"column":52},"end":{"line":109,"column":79}},"52":{"start":{"line":110,"column":6},"end":{"line":110,"column":107}},"53":{"start":{"line":110,"column":74},"end":{"line":110,"column":107}},"54":{"start":{"line":112,"column":6},"end":{"line":160,"column":7}},"55":{"start":{"line":114,"column":8},"end":{"line":121,"column":10}},"56":{"start":{"line":124,"column":8},"end":{"line":138,"column":10}},"57":{"start":{"line":133,"column":10},"end":{"line":137,"column":11}},"58":{"start":{"line":133,"column":23},"end":{"line":133,"column":24}},"59":{"start":{"line":134,"column":25},"end":{"line":134,"column":36}},"60":{"start":{"line":135,"column":12},"end":{"line":135,"column":50}},"61":{"start":{"line":136,"column":12},"end":{"line":136,"column":23}},"62":{"start":{"line":141,"column":8},"end":{"line":155,"column":10}},"63":{"start":{"line":150,"column":10},"end":{"line":154,"column":11}},"64":{"start":{"line":150,"column":23},"end":{"line":150,"column":24}},"65":{"start":{"line":151,"column":25},"end":{"line":151,"column":36}},"66":{"start":{"line":152,"column":12},"end":{"line":152,"column":50}},"67":{"start":{"line":153,"column":12},"end":{"line":153,"column":23}},"68":{"start":{"line":157,"column":8},"end":{"line":157,"column":64}},"69":{"start":{"line":159,"column":8},"end":{"line":159,"column":60}},"70":{"start":{"line":164,"column":6},"end":{"line":164,"column":16}},"71":{"start":{"line":169,"column":4},"end":{"line":210,"column":5}},"72":{"start":{"line":170,"column":42},"end":{"line":170,"column":52}},"73":{"start":{"line":172,"column":6},"end":{"line":172,"column":96}},"74":{"start":{"line":172,"column":67},"end":{"line":172,"column":96}},"75":{"start":{"line":173,"column":6},"end":{"line":173,"column":55}},"76":{"start":{"line":173,"column":26},"end":{"line":173,"column":55}},"77":{"start":{"line":175,"column":36},"end":{"line":179,"column":8}},"78":{"start":{"line":181,"column":6},"end":{"line":181,"column":60}},"79":{"start":{"line":181,"column":34},"end":{"line":181,"column":60}},"80":{"start":{"line":183,"column":6},"end":{"line":188,"column":8}},"81":{"start":{"line":191,"column":6},"end":{"line":205,"column":8}},"82":{"start":{"line":200,"column":8},"end":{"line":204,"column":9}},"83":{"start":{"line":200,"column":21},"end":{"line":200,"column":22}},"84":{"start":{"line":201,"column":23},"end":{"line":201,"column":34}},"85":{"start":{"line":202,"column":10},"end":{"line":202,"column":48}},"86":{"start":{"line":203,"column":10},"end":{"line":203,"column":21}},"87":{"start":{"line":207,"column":6},"end":{"line":207,"column":62}},"88":{"start":{"line":209,"column":6},"end":{"line":209,"column":16}},"89":{"start":{"line":214,"column":4},"end":{"line":232,"column":5}},"90":{"start":{"line":215,"column":21},"end":{"line":226,"column":7}},"91":{"start":{"line":228,"column":19},"end":{"line":228,"column":45}},"92":{"start":{"line":229,"column":6},"end":{"line":229,"column":33}},"93":{"start":{"line":231,"column":6},"end":{"line":231,"column":15}},"94":{"start":{"line":236,"column":0},"end":{"line":236,"column":38}}},"fnMap":{"0":{"name":"(anonymous_0)","decl":{"start":{"line":8,"column":2},"end":{"line":8,"column":3}},"loc":{"start":{"line":8,"column":38},"end":{"line":44,"column":3}},"line":8},"1":{"name":"(anonymous_1)","decl":{"start":{"line":46,"column":2},"end":{"line":46,"column":3}},"loc":{"start":{"line":46,"column":42},"end":{"line":92,"column":3}},"line":46},"2":{"name":"(anonymous_2)","decl":{"start":{"line":80,"column":14},"end":{"line":80,"column":15}},"loc":{"start":{"line":80,"column":26},"end":{"line":86,"column":7}},"line":80},"3":{"name":"(anonymous_3)","decl":{"start":{"line":94,"column":2},"end":{"line":94,"column":3}},"loc":{"start":{"line":94,"column":44},"end":{"line":166,"column":3}},"line":94},"4":{"name":"(anonymous_4)","decl":{"start":{"line":132,"column":16},"end":{"line":132,"column":17}},"loc":{"start":{"line":132,"column":28},"end":{"line":138,"column":9}},"line":132},"5":{"name":"(anonymous_5)","decl":{"start":{"line":149,"column":16},"end":{"line":149,"column":17}},"loc":{"start":{"line":149,"column":28},"end":{"line":155,"column":9}},"line":149},"6":{"name":"(anonymous_6)","decl":{"start":{"line":168,"column":2},"end":{"line":168,"column":3}},"loc":{"start":{"line":168,"column":44},"end":{"line":211,"column":3}},"line":168},"7":{"name":"(anonymous_7)","decl":{"start":{"line":199,"column":14},"end":{"line":199,"column":15}},"loc":{"start":{"line":199,"column":26},"end":{"line":205,"column":7}},"line":199},"8":{"name":"(anonymous_8)","decl":{"start":{"line":213,"column":2},"end":{"line":213,"column":3}},"loc":{"start":{"line":213,"column":45},"end":{"line":233,"column":3}},"line":213}},"branchMap":{"0":{"loc":{"start":{"line":12,"column":6},"end":{"line":12,"column":27}},"type":"if","locations":[{"start":{"line":12,"column":6},"end":{"line":12,"column":27}},{"start":{},"end":{}}],"line":12},"1":{"loc":{"start":{"line":13,"column":6},"end":{"line":13,"column":29}},"type":"if","locations":[{"start":{"line":13,"column":6},"end":{"line":13,"column":29}},{"start":{},"end":{}}],"line":13},"2":{"loc":{"start":{"line":51,"column":6},"end":{"line":51,"column":96}},"type":"if","locations":[{"start":{"line":51,"column":6},"end":{"line":51,"column":96}},{"start":{},"end":{}}],"line":51},"3":{"loc":{"start":{"line":51,"column":10},"end":{"line":51,"column":65}},"type":"binary-expr","locations":[{"start":{"line":51,"column":10},"end":{"line":51,"column":33}},{"start":{"line":51,"column":37},"end":{"line":51,"column":49}},{"start":{"line":51,"column":53},"end":{"line":51,"column":65}}],"line":51},"4":{"loc":{"start":{"line":52,"column":6},"end":{"line":52,"column":70}},"type":"if","locations":[{"start":{"line":52,"column":6},"end":{"line":52,"column":70}},{"start":{},"end":{}}],"line":52},"5":{"loc":{"start":{"line":52,"column":10},"end":{"line":52,"column":36}},"type":"binary-expr","locations":[{"start":{"line":52,"column":10},"end":{"line":52,"column":24}},{"start":{"line":52,"column":28},"end":{"line":52,"column":36}}],"line":52},"6":{"loc":{"start":{"line":58,"column":6},"end":{"line":58,"column":49}},"type":"if","locations":[{"start":{"line":58,"column":6},"end":{"line":58,"column":49}},{"start":{},"end":{}}],"line":58},"7":{"loc":{"start":{"line":60,"column":6},"end":{"line":60,"column":83}},"type":"if","locations":[{"start":{"line":60,"column":6},"end":{"line":60,"column":83}},{"start":{},"end":{}}],"line":60},"8":{"loc":{"start":{"line":61,"column":6},"end":{"line":61,"column":79}},"type":"if","locations":[{"start":{"line":61,"column":6},"end":{"line":61,"column":79}},{"start":{},"end":{}}],"line":61},"9":{"loc":{"start":{"line":99,"column":6},"end":{"line":99,"column":96}},"type":"if","locations":[{"start":{"line":99,"column":6},"end":{"line":99,"column":96}},{"start":{},"end":{}}],"line":99},"10":{"loc":{"start":{"line":99,"column":10},"end":{"line":99,"column":65}},"type":"binary-expr","locations":[{"start":{"line":99,"column":10},"end":{"line":99,"column":33}},{"start":{"line":99,"column":37},"end":{"line":99,"column":49}},{"start":{"line":99,"column":53},"end":{"line":99,"column":65}}],"line":99},"11":{"loc":{"start":{"line":100,"column":6},"end":{"line":100,"column":96}},"type":"if","locations":[{"start":{"line":100,"column":6},"end":{"line":100,"column":96}},{"start":{},"end":{}}],"line":100},"12":{"loc":{"start":{"line":100,"column":10},"end":{"line":100,"column":58}},"type":"binary-expr","locations":[{"start":{"line":100,"column":10},"end":{"line":100,"column":24}},{"start":{"line":100,"column":28},"end":{"line":100,"column":36}},{"start":{"line":100,"column":40},"end":{"line":100,"column":58}}],"line":100},"13":{"loc":{"start":{"line":106,"column":6},"end":{"line":106,"column":49}},"type":"if","locations":[{"start":{"line":106,"column":6},"end":{"line":106,"column":49}},{"start":{},"end":{}}],"line":106},"14":{"loc":{"start":{"line":108,"column":6},"end":{"line":108,"column":83}},"type":"if","locations":[{"start":{"line":108,"column":6},"end":{"line":108,"column":83}},{"start":{},"end":{}}],"line":108},"15":{"loc":{"start":{"line":109,"column":6},"end":{"line":109,"column":79}},"type":"if","locations":[{"start":{"line":109,"column":6},"end":{"line":109,"column":79}},{"start":{},"end":{}}],"line":109},"16":{"loc":{"start":{"line":110,"column":6},"end":{"line":110,"column":107}},"type":"if","locations":[{"start":{"line":110,"column":6},"end":{"line":110,"column":107}},{"start":{},"end":{}}],"line":110},"17":{"loc":{"start":{"line":112,"column":6},"end":{"line":160,"column":7}},"type":"if","locations":[{"start":{"line":112,"column":6},"end":{"line":160,"column":7}},{"start":{"line":158,"column":13},"end":{"line":160,"column":7}}],"line":112},"18":{"loc":{"start":{"line":172,"column":6},"end":{"line":172,"column":96}},"type":"if","locations":[{"start":{"line":172,"column":6},"end":{"line":172,"column":96}},{"start":{},"end":{}}],"line":172},"19":{"loc":{"start":{"line":172,"column":10},"end":{"line":172,"column":65}},"type":"binary-expr","locations":[{"start":{"line":172,"column":10},"end":{"line":172,"column":33}},{"start":{"line":172,"column":37},"end":{"line":172,"column":49}},{"start":{"line":172,"column":53},"end":{"line":172,"column":65}}],"line":172},"20":{"loc":{"start":{"line":173,"column":6},"end":{"line":173,"column":55}},"type":"if","locations":[{"start":{"line":173,"column":6},"end":{"line":173,"column":55}},{"start":{},"end":{}}],"line":173},"21":{"loc":{"start":{"line":181,"column":6},"end":{"line":181,"column":60}},"type":"if","locations":[{"start":{"line":181,"column":6},"end":{"line":181,"column":60}},{"start":{},"end":{}}],"line":181}},"s":{"0":1,"1":1,"2":1,"3":1,"4":1,"5":0,"6":0,"7":0,"8":0,"9":0,"10":0,"11":0,"12":0,"13":0,"14":0,"15":0,"16":0,"17":0,"18":0,"19":0,"20":0,"21":0,"22":0,"23":0,"24":0,"25":0,"26":0,"27":0,"28":0,"29":0,"30":0,"31":0,"32":0,"33":0,"34":0,"35":0,"36":0,"37":0,"38":0,"39":0,"40":0,"41":0,"42":0,"43":0,"44":0,"45":0,"46":0,"47":0,"48":0,"49":0,"50":0,"51":0,"52":0,"53":0,"54":0,"55":0,"56":0,"57":0,"58":0,"59":0,"60":0,"61":0,"62":0,"63":0,"64":0,"65":0,"66":0,"67":0,"68":0,"69":0,"70":0,"71":0,"72":0,"73":0,"74":0,"75":0,"76":0,"77":0,"78":0,"79":0,"80":0,"81":0,"82":0,"83":0,"84":0,"85":0,"86":0,"87":0,"88":0,"89":0,"90":0,"91":0,"92":0,"93":0,"94":1},"f":{"0":0,"1":0,"2":0,"3":0,"4":0,"5":0,"6":0,"7":0,"8":0},"b":{"0":[0,0],"1":[0,0],"2":[0,0],"3":[0,0,0],"4":[0,0],"5":[0,0],"6":[0,0],"7":[0,0],"8":[0,0],"9":[0,0],"10":[0,0,0],"11":[0,0],"12":[0,0,0],"13":[0,0],"14":[0,0],"15":[0,0],"16":[0,0],"17":[0,0],"18":[0,0],"19":[0,0,0],"20":[0,0],"21":[0,0]},"_coverageSchema":"1a1c01bbd47fc00a2c39e90264f33305004495a9","hash":"d22fbe4690574013d2475668546791e6afac7a01"}
,"/Users/halimsyarif/Documents/Learn/metaco_test/backend/controllers/users.js": {"path":"/Users/halimsyarif/Documents/Learn/metaco_test/backend/controllers/users.js","statementMap":{"0":{"start":{"line":1,"column":17},"end":{"line":1,"column":37}},"1":{"start":{"line":2,"column":15},"end":{"line":2,"column":35}},"2":{"start":{"line":6,"column":4},"end":{"line":22,"column":5}},"3":{"start":{"line":7,"column":38},"end":{"line":7,"column":47}},"4":{"start":{"line":9,"column":21},"end":{"line":16,"column":7}},"5":{"start":{"line":18,"column":20},"end":{"line":18,"column":54}},"6":{"start":{"line":19,"column":6},"end":{"line":19,"column":34}},"7":{"start":{"line":21,"column":6},"end":{"line":21,"column":16}},"8":{"start":{"line":26,"column":0},"end":{"line":26,"column":32}}},"fnMap":{"0":{"name":"(anonymous_0)","decl":{"start":{"line":5,"column":2},"end":{"line":5,"column":3}},"loc":{"start":{"line":5,"column":38},"end":{"line":23,"column":3}},"line":5}},"branchMap":{"0":{"loc":{"start":{"line":13,"column":15},"end":{"line":13,"column":64}},"type":"cond-expr","locations":[{"start":{"line":13,"column":22},"end":{"line":13,"column":57}},{"start":{"line":13,"column":60},"end":{"line":13,"column":64}}],"line":13}},"s":{"0":1,"1":1,"2":1,"3":1,"4":1,"5":1,"6":1,"7":0,"8":1},"f":{"0":1},"b":{"0":[0,1]},"_coverageSchema":"1a1c01bbd47fc00a2c39e90264f33305004495a9","hash":"1fcdf47a1bb0975f9e58078351af1c31e0bd3b99"}
,"/Users/halimsyarif/Documents/Learn/metaco_test/backend/helpers/calculateReward.js": {"path":"/Users/halimsyarif/Documents/Learn/metaco_test/backend/helpers/calculateReward.js","statementMap":{"0":{"start":{"line":3,"column":17},"end":{"line":3,"column":18}},"1":{"start":{"line":5,"column":4},"end":{"line":15,"column":5}},"2":{"start":{"line":7,"column":12},"end":{"line":7,"column":22}},"3":{"start":{"line":8,"column":12},"end":{"line":8,"column":18}},"4":{"start":{"line":10,"column":12},"end":{"line":10,"column":22}},"5":{"start":{"line":11,"column":12},"end":{"line":11,"column":18}},"6":{"start":{"line":13,"column":12},"end":{"line":13,"column":22}},"7":{"start":{"line":14,"column":12},"end":{"line":14,"column":18}},"8":{"start":{"line":17,"column":4},"end":{"line":17,"column":17}},"9":{"start":{"line":21,"column":0},"end":{"line":21,"column":32}}},"fnMap":{"0":{"name":"calculateReward","decl":{"start":{"line":2,"column":9},"end":{"line":2,"column":24}},"loc":{"start":{"line":2,"column":36},"end":{"line":18,"column":1}},"line":2}},"branchMap":{"0":{"loc":{"start":{"line":5,"column":4},"end":{"line":15,"column":5}},"type":"switch","locations":[{"start":{"line":6,"column":8},"end":{"line":8,"column":18}},{"start":{"line":9,"column":8},"end":{"line":11,"column":18}},{"start":{"line":12,"column":8},"end":{"line":14,"column":18}}],"line":5}},"s":{"0":0,"1":0,"2":0,"3":0,"4":0,"5":0,"6":0,"7":0,"8":0,"9":1},"f":{"0":0},"b":{"0":[0,0,0]},"_coverageSchema":"1a1c01bbd47fc00a2c39e90264f33305004495a9","hash":"bcff58eabdec7baf552cd57530a0f80774f31c9c"}
,"/Users/halimsyarif/Documents/Learn/metaco_test/backend/helpers/checkHaveBeenWinner.js": {"path":"/Users/halimsyarif/Documents/Learn/metaco_test/backend/helpers/checkHaveBeenWinner.js","statementMap":{"0":{"start":{"line":3,"column":28},"end":{"line":14,"column":3}},"1":{"start":{"line":4,"column":4},"end":{"line":13,"column":5}},"2":{"start":{"line":5,"column":29},"end":{"line":5,"column":94}},"3":{"start":{"line":5,"column":68},"end":{"line":5,"column":93}},"4":{"start":{"line":6,"column":6},"end":{"line":10,"column":7}},"5":{"start":{"line":7,"column":8},"end":{"line":7,"column":20}},"6":{"start":{"line":9,"column":8},"end":{"line":9,"column":19}},"7":{"start":{"line":12,"column":6},"end":{"line":12,"column":18}},"8":{"start":{"line":17,"column":0},"end":{"line":17,"column":36}}},"fnMap":{"0":{"name":"(anonymous_0)","decl":{"start":{"line":3,"column":28},"end":{"line":3,"column":29}},"loc":{"start":{"line":3,"column":52},"end":{"line":14,"column":3}},"line":3},"1":{"name":"(anonymous_1)","decl":{"start":{"line":5,"column":63},"end":{"line":5,"column":64}},"loc":{"start":{"line":5,"column":68},"end":{"line":5,"column":93}},"line":5}},"branchMap":{"0":{"loc":{"start":{"line":4,"column":4},"end":{"line":13,"column":5}},"type":"if","locations":[{"start":{"line":4,"column":4},"end":{"line":13,"column":5}},{"start":{"line":11,"column":11},"end":{"line":13,"column":5}}],"line":4},"1":{"loc":{"start":{"line":6,"column":6},"end":{"line":10,"column":7}},"type":"if","locations":[{"start":{"line":6,"column":6},"end":{"line":10,"column":7}},{"start":{"line":8,"column":13},"end":{"line":10,"column":7}}],"line":6}},"s":{"0":1,"1":0,"2":0,"3":0,"4":0,"5":0,"6":0,"7":0,"8":1},"f":{"0":0,"1":0},"b":{"0":[0,0],"1":[0,0]},"_coverageSchema":"1a1c01bbd47fc00a2c39e90264f33305004495a9","hash":"9235bdc3fb403830e1e4c7b3778fc20a7eeffc91"}
,"/Users/halimsyarif/Documents/Learn/metaco_test/backend/helpers/checkIsCorrectLastWinnerTeamId.js": {"path":"/Users/halimsyarif/Documents/Learn/metaco_test/backend/helpers/checkIsCorrectLastWinnerTeamId.js","statementMap":{"0":{"start":{"line":3,"column":39},"end":{"line":10,"column":1}},"1":{"start":{"line":4,"column":20},"end":{"line":4,"column":90}},"2":{"start":{"line":4,"column":59},"end":{"line":4,"column":89}},"3":{"start":{"line":5,"column":2},"end":{"line":9,"column":3}},"4":{"start":{"line":6,"column":4},"end":{"line":6,"column":16}},"5":{"start":{"line":8,"column":4},"end":{"line":8,"column":15}},"6":{"start":{"line":13,"column":0},"end":{"line":13,"column":47}}},"fnMap":{"0":{"name":"(anonymous_0)","decl":{"start":{"line":3,"column":39},"end":{"line":3,"column":40}},"loc":{"start":{"line":3,"column":68},"end":{"line":10,"column":1}},"line":3},"1":{"name":"(anonymous_1)","decl":{"start":{"line":4,"column":54},"end":{"line":4,"column":55}},"loc":{"start":{"line":4,"column":59},"end":{"line":4,"column":89}},"line":4}},"branchMap":{"0":{"loc":{"start":{"line":5,"column":2},"end":{"line":9,"column":3}},"type":"if","locations":[{"start":{"line":5,"column":2},"end":{"line":9,"column":3}},{"start":{"line":7,"column":9},"end":{"line":9,"column":3}}],"line":5}},"s":{"0":1,"1":0,"2":0,"3":0,"4":0,"5":0,"6":1},"f":{"0":0,"1":0},"b":{"0":[0,0]},"_coverageSchema":"1a1c01bbd47fc00a2c39e90264f33305004495a9","hash":"99800cd32c5e3ac8a2f75781f214c2605521410a"}
,"/Users/halimsyarif/Documents/Learn/metaco_test/backend/helpers/checkIsCorrectTeam.js": {"path":"/Users/halimsyarif/Documents/Learn/metaco_test/backend/helpers/checkIsCorrectTeam.js","statementMap":{"0":{"start":{"line":3,"column":27},"end":{"line":10,"column":1}},"1":{"start":{"line":4,"column":22},"end":{"line":4,"column":63}},"2":{"start":{"line":4,"column":48},"end":{"line":4,"column":62}},"3":{"start":{"line":5,"column":2},"end":{"line":9,"column":3}},"4":{"start":{"line":6,"column":4},"end":{"line":6,"column":16}},"5":{"start":{"line":8,"column":4},"end":{"line":8,"column":15}},"6":{"start":{"line":13,"column":0},"end":{"line":13,"column":35}}},"fnMap":{"0":{"name":"(anonymous_0)","decl":{"start":{"line":3,"column":27},"end":{"line":3,"column":28}},"loc":{"start":{"line":3,"column":45},"end":{"line":10,"column":1}},"line":3},"1":{"name":"(anonymous_1)","decl":{"start":{"line":4,"column":43},"end":{"line":4,"column":44}},"loc":{"start":{"line":4,"column":48},"end":{"line":4,"column":62}},"line":4}},"branchMap":{"0":{"loc":{"start":{"line":5,"column":2},"end":{"line":9,"column":3}},"type":"if","locations":[{"start":{"line":5,"column":2},"end":{"line":9,"column":3}},{"start":{"line":7,"column":9},"end":{"line":9,"column":3}}],"line":5}},"s":{"0":1,"1":0,"2":0,"3":0,"4":0,"5":0,"6":1},"f":{"0":0,"1":0},"b":{"0":[0,0]},"_coverageSchema":"1a1c01bbd47fc00a2c39e90264f33305004495a9","hash":"2b0593a49bbda8e879f7459c7841f3f3c9eb6a1d"}
,"/Users/halimsyarif/Documents/Learn/metaco_test/backend/middlewares/errorhandler.js": {"path":"/Users/halimsyarif/Documents/Learn/metaco_test/backend/middlewares/errorhandler.js","statementMap":{"0":{"start":{"line":1,"column":21},"end":{"line":44,"column":1}},"1":{"start":{"line":2,"column":13},"end":{"line":2,"column":16}},"2":{"start":{"line":3,"column":16},"end":{"line":3,"column":39}},"3":{"start":{"line":5,"column":2},"end":{"line":40,"column":3}},"4":{"start":{"line":7,"column":6},"end":{"line":7,"column":17}},"5":{"start":{"line":8,"column":6},"end":{"line":8,"column":51}},"6":{"start":{"line":9,"column":6},"end":{"line":9,"column":12}},"7":{"start":{"line":12,"column":6},"end":{"line":12,"column":17}},"8":{"start":{"line":13,"column":6},"end":{"line":13,"column":71}},"9":{"start":{"line":14,"column":6},"end":{"line":14,"column":12}},"10":{"start":{"line":17,"column":6},"end":{"line":17,"column":17}},"11":{"start":{"line":18,"column":6},"end":{"line":18,"column":39}},"12":{"start":{"line":19,"column":6},"end":{"line":19,"column":12}},"13":{"start":{"line":22,"column":6},"end":{"line":22,"column":17}},"14":{"start":{"line":23,"column":6},"end":{"line":23,"column":33}},"15":{"start":{"line":24,"column":6},"end":{"line":24,"column":12}},"16":{"start":{"line":27,"column":6},"end":{"line":27,"column":17}},"17":{"start":{"line":28,"column":6},"end":{"line":28,"column":61}},"18":{"start":{"line":29,"column":6},"end":{"line":29,"column":12}},"19":{"start":{"line":32,"column":6},"end":{"line":32,"column":17}},"20":{"start":{"line":33,"column":6},"end":{"line":33,"column":32}},"21":{"start":{"line":34,"column":6},"end":{"line":34,"column":12}},"22":{"start":{"line":37,"column":6},"end":{"line":37,"column":17}},"23":{"start":{"line":38,"column":6},"end":{"line":38,"column":37}},"24":{"start":{"line":39,"column":6},"end":{"line":39,"column":12}},"25":{"start":{"line":42,"column":2},"end":{"line":42,"column":19}},"26":{"start":{"line":43,"column":2},"end":{"line":43,"column":37}},"27":{"start":{"line":46,"column":0},"end":{"line":46,"column":30}}},"fnMap":{"0":{"name":"(anonymous_0)","decl":{"start":{"line":1,"column":21},"end":{"line":1,"column":22}},"loc":{"start":{"line":1,"column":46},"end":{"line":44,"column":1}},"line":1}},"branchMap":{"0":{"loc":{"start":{"line":5,"column":2},"end":{"line":40,"column":3}},"type":"switch","locations":[{"start":{"line":6,"column":4},"end":{"line":9,"column":12}},{"start":{"line":11,"column":4},"end":{"line":14,"column":12}},{"start":{"line":16,"column":4},"end":{"line":19,"column":12}},{"start":{"line":21,"column":4},"end":{"line":24,"column":12}},{"start":{"line":26,"column":4},"end":{"line":29,"column":12}},{"start":{"line":31,"column":4},"end":{"line":34,"column":12}},{"start":{"line":36,"column":4},"end":{"line":39,"column":12}}],"line":5}},"s":{"0":1,"1":0,"2":0,"3":0,"4":0,"5":0,"6":0,"7":0,"8":0,"9":0,"10":0,"11":0,"12":0,"13":0,"14":0,"15":0,"16":0,"17":0,"18":0,"19":0,"20":0,"21":0,"22":0,"23":0,"24":0,"25":0,"26":0,"27":1},"f":{"0":0},"b":{"0":[0,0,0,0,0,0,0]},"_coverageSchema":"1a1c01bbd47fc00a2c39e90264f33305004495a9","hash":"ce54dd0c1a6f095f85b3750027050ef9f69e0a2d"}
,"/Users/halimsyarif/Documents/Learn/metaco_test/backend/models/index.js": {"path":"/Users/halimsyarif/Documents/Learn/metaco_test/backend/models/index.js","statementMap":{"0":{"start":{"line":3,"column":11},"end":{"line":3,"column":24}},"1":{"start":{"line":4,"column":13},"end":{"line":4,"column":28}},"2":{"start":{"line":5,"column":18},"end":{"line":5,"column":38}},"3":{"start":{"line":6,"column":16},"end":{"line":6,"column":34}},"4":{"start":{"line":7,"column":17},"end":{"line":7,"column":42}},"5":{"start":{"line":8,"column":12},"end":{"line":8,"column":49}},"6":{"start":{"line":9,"column":15},"end":{"line":9,"column":65}},"7":{"start":{"line":10,"column":11},"end":{"line":10,"column":13}},"8":{"start":{"line":11,"column":15},"end":{"line":11,"column":33}},"9":{"start":{"line":14,"column":0},"end":{"line":23,"column":1}},"10":{"start":{"line":15,"column":2},"end":{"line":15,"column":74}},"11":{"start":{"line":17,"column":2},"end":{"line":22,"column":5}},"12":{"start":{"line":25,"column":0},"end":{"line":33,"column":5}},"13":{"start":{"line":28,"column":4},"end":{"line":28,"column":90}},"14":{"start":{"line":31,"column":18},"end":{"line":31,"column":85}},"15":{"start":{"line":32,"column":4},"end":{"line":32,"column":27}},"16":{"start":{"line":35,"column":0},"end":{"line":39,"column":3}},"17":{"start":{"line":36,"column":2},"end":{"line":38,"column":3}},"18":{"start":{"line":37,"column":4},"end":{"line":37,"column":32}},"19":{"start":{"line":41,"column":0},"end":{"line":41,"column":25}},"20":{"start":{"line":42,"column":0},"end":{"line":42,"column":25}},"21":{"start":{"line":44,"column":0},"end":{"line":44,"column":20}}},"fnMap":{"0":{"name":"(anonymous_0)","decl":{"start":{"line":27,"column":10},"end":{"line":27,"column":11}},"loc":{"start":{"line":27,"column":18},"end":{"line":29,"column":3}},"line":27},"1":{"name":"(anonymous_1)","decl":{"start":{"line":30,"column":11},"end":{"line":30,"column":12}},"loc":{"start":{"line":30,"column":19},"end":{"line":33,"column":3}},"line":30},"2":{"name":"(anonymous_2)","decl":{"start":{"line":35,"column":24},"end":{"line":35,"column":25}},"loc":{"start":{"line":35,"column":37},"end":{"line":39,"column":1}},"line":35}},"branchMap":{"0":{"loc":{"start":{"line":8,"column":12},"end":{"line":8,"column":49}},"type":"binary-expr","locations":[{"start":{"line":8,"column":12},"end":{"line":8,"column":32}},{"start":{"line":8,"column":36},"end":{"line":8,"column":49}}],"line":8},"1":{"loc":{"start":{"line":14,"column":0},"end":{"line":23,"column":1}},"type":"if","locations":[{"start":{"line":14,"column":0},"end":{"line":23,"column":1}},{"start":{"line":16,"column":7},"end":{"line":23,"column":1}}],"line":14},"2":{"loc":{"start":{"line":28,"column":11},"end":{"line":28,"column":89}},"type":"binary-expr","locations":[{"start":{"line":28,"column":12},"end":{"line":28,"column":35}},{"start":{"line":28,"column":41},"end":{"line":28,"column":58}},{"start":{"line":28,"column":64},"end":{"line":28,"column":88}}],"line":28},"3":{"loc":{"start":{"line":36,"column":2},"end":{"line":38,"column":3}},"type":"if","locations":[{"start":{"line":36,"column":2},"end":{"line":38,"column":3}},{"start":{},"end":{}}],"line":36}},"s":{"0":1,"1":1,"2":1,"3":1,"4":1,"5":1,"6":1,"7":1,"8":1,"9":1,"10":0,"11":1,"12":1,"13":6,"14":5,"15":5,"16":1,"17":5,"18":5,"19":1,"20":1,"21":1},"f":{"0":6,"1":5,"2":5},"b":{"0":[1,0],"1":[0,1],"2":[6,6,5],"3":[5,0]},"_coverageSchema":"1a1c01bbd47fc00a2c39e90264f33305004495a9","hash":"9bfcec23718f6f4043f9386a3bd2e798792fb069"}
,"/Users/halimsyarif/Documents/Learn/metaco_test/backend/models/team.js": {"path":"/Users/halimsyarif/Documents/Learn/metaco_test/backend/models/team.js","statementMap":{"0":{"start":{"line":4,"column":4},"end":{"line":4,"column":24}},"1":{"start":{"line":5,"column":0},"end":{"line":36,"column":2}},"2":{"start":{"line":9,"column":6},"end":{"line":9,"column":61}},"3":{"start":{"line":10,"column":6},"end":{"line":10,"column":63}},"4":{"start":{"line":11,"column":6},"end":{"line":11,"column":69}},"5":{"start":{"line":14,"column":2},"end":{"line":34,"column":5}},"6":{"start":{"line":35,"column":2},"end":{"line":35,"column":14}}},"fnMap":{"0":{"name":"(anonymous_0)","decl":{"start":{"line":5,"column":17},"end":{"line":5,"column":18}},"loc":{"start":{"line":5,"column":43},"end":{"line":36,"column":1}},"line":5},"1":{"name":"(anonymous_1)","decl":{"start":{"line":8,"column":4},"end":{"line":8,"column":5}},"loc":{"start":{"line":8,"column":29},"end":{"line":12,"column":5}},"line":8}},"branchMap":{},"s":{"0":1,"1":1,"2":1,"3":1,"4":1,"5":1,"6":1},"f":{"0":1,"1":1},"b":{},"_coverageSchema":"1a1c01bbd47fc00a2c39e90264f33305004495a9","hash":"8446687c9f1f59d28d3633b84bfe59023b898ee7"}
,"/Users/halimsyarif/Documents/Learn/metaco_test/backend/models/team_member.js": {"path":"/Users/halimsyarif/Documents/Learn/metaco_test/backend/models/team_member.js","statementMap":{"0":{"start":{"line":4,"column":4},"end":{"line":4,"column":24}},"1":{"start":{"line":5,"column":0},"end":{"line":39,"column":2}},"2":{"start":{"line":14,"column":6},"end":{"line":14,"column":65}},"3":{"start":{"line":17,"column":2},"end":{"line":37,"column":5}},"4":{"start":{"line":38,"column":2},"end":{"line":38,"column":21}}},"fnMap":{"0":{"name":"(anonymous_0)","decl":{"start":{"line":5,"column":17},"end":{"line":5,"column":18}},"loc":{"start":{"line":5,"column":43},"end":{"line":39,"column":1}},"line":5},"1":{"name":"(anonymous_1)","decl":{"start":{"line":12,"column":4},"end":{"line":12,"column":5}},"loc":{"start":{"line":12,"column":29},"end":{"line":15,"column":5}},"line":12}},"branchMap":{},"s":{"0":1,"1":1,"2":1,"3":1,"4":1},"f":{"0":1,"1":1},"b":{},"_coverageSchema":"1a1c01bbd47fc00a2c39e90264f33305004495a9","hash":"c14848a763a3e521e2bad73c365d3f2c423329c2"}
,"/Users/halimsyarif/Documents/Learn/metaco_test/backend/models/tournament.js": {"path":"/Users/halimsyarif/Documents/Learn/metaco_test/backend/models/tournament.js","statementMap":{"0":{"start":{"line":4,"column":4},"end":{"line":4,"column":24}},"1":{"start":{"line":5,"column":0},"end":{"line":44,"column":2}},"2":{"start":{"line":14,"column":6},"end":{"line":14,"column":81}},"3":{"start":{"line":15,"column":6},"end":{"line":15,"column":68}},"4":{"start":{"line":18,"column":2},"end":{"line":42,"column":5}},"5":{"start":{"line":43,"column":2},"end":{"line":43,"column":20}}},"fnMap":{"0":{"name":"(anonymous_0)","decl":{"start":{"line":5,"column":17},"end":{"line":5,"column":18}},"loc":{"start":{"line":5,"column":43},"end":{"line":44,"column":1}},"line":5},"1":{"name":"(anonymous_1)","decl":{"start":{"line":12,"column":4},"end":{"line":12,"column":5}},"loc":{"start":{"line":12,"column":29},"end":{"line":16,"column":5}},"line":12}},"branchMap":{},"s":{"0":1,"1":1,"2":1,"3":1,"4":1,"5":1},"f":{"0":1,"1":1},"b":{},"_coverageSchema":"1a1c01bbd47fc00a2c39e90264f33305004495a9","hash":"be4023ae88df1486eca3925ea9597d25c65f5729"}
,"/Users/halimsyarif/Documents/Learn/metaco_test/backend/models/tournament_result.js": {"path":"/Users/halimsyarif/Documents/Learn/metaco_test/backend/models/tournament_result.js","statementMap":{"0":{"start":{"line":4,"column":4},"end":{"line":4,"column":24}},"1":{"start":{"line":5,"column":0},"end":{"line":39,"column":2}},"2":{"start":{"line":14,"column":6},"end":{"line":14,"column":71}},"3":{"start":{"line":17,"column":2},"end":{"line":37,"column":5}},"4":{"start":{"line":38,"column":2},"end":{"line":38,"column":27}}},"fnMap":{"0":{"name":"(anonymous_0)","decl":{"start":{"line":5,"column":17},"end":{"line":5,"column":18}},"loc":{"start":{"line":5,"column":43},"end":{"line":39,"column":1}},"line":5},"1":{"name":"(anonymous_1)","decl":{"start":{"line":12,"column":4},"end":{"line":12,"column":5}},"loc":{"start":{"line":12,"column":29},"end":{"line":15,"column":5}},"line":12}},"branchMap":{},"s":{"0":1,"1":1,"2":1,"3":1,"4":1},"f":{"0":1,"1":1},"b":{},"_coverageSchema":"1a1c01bbd47fc00a2c39e90264f33305004495a9","hash":"e3c1d1310cbd1e27f7090abf6a131e26835f1968"}
,"/Users/halimsyarif/Documents/Learn/metaco_test/backend/models/user.js": {"path":"/Users/halimsyarif/Documents/Learn/metaco_test/backend/models/user.js","statementMap":{"0":{"start":{"line":4,"column":4},"end":{"line":4,"column":24}},"1":{"start":{"line":5,"column":0},"end":{"line":45,"column":2}},"2":{"start":{"line":10,"column":6},"end":{"line":10,"column":63}},"3":{"start":{"line":13,"column":2},"end":{"line":43,"column":5}},"4":{"start":{"line":44,"column":2},"end":{"line":44,"column":14}}},"fnMap":{"0":{"name":"(anonymous_0)","decl":{"start":{"line":5,"column":17},"end":{"line":5,"column":18}},"loc":{"start":{"line":5,"column":43},"end":{"line":45,"column":1}},"line":5},"1":{"name":"(anonymous_1)","decl":{"start":{"line":8,"column":4},"end":{"line":8,"column":5}},"loc":{"start":{"line":8,"column":29},"end":{"line":11,"column":5}},"line":8}},"branchMap":{},"s":{"0":1,"1":1,"2":1,"3":1,"4":1},"f":{"0":1,"1":1},"b":{},"_coverageSchema":"1a1c01bbd47fc00a2c39e90264f33305004495a9","hash":"eb255d04cf69766bc4d35db4fa9c492a58a2da48"}
,"/Users/halimsyarif/Documents/Learn/metaco_test/backend/routes/index.js": {"path":"/Users/halimsyarif/Documents/Learn/metaco_test/backend/routes/index.js","statementMap":{"0":{"start":{"line":1,"column":15},"end":{"line":1,"column":42}},"1":{"start":{"line":2,"column":21},"end":{"line":2,"column":59}},"2":{"start":{"line":3,"column":19},"end":{"line":3,"column":37}},"3":{"start":{"line":4,"column":25},"end":{"line":4,"column":48}},"4":{"start":{"line":6,"column":0},"end":{"line":6,"column":32}},"5":{"start":{"line":7,"column":0},"end":{"line":7,"column":43}},"6":{"start":{"line":10,"column":0},"end":{"line":10,"column":24}},"7":{"start":{"line":14,"column":0},"end":{"line":14,"column":23}}},"fnMap":{},"branchMap":{},"s":{"0":1,"1":1,"2":1,"3":1,"4":1,"5":1,"6":1,"7":1},"f":{},"b":{},"_coverageSchema":"1a1c01bbd47fc00a2c39e90264f33305004495a9","hash":"6f1924728a4fb45f52e40f266d6c941c53c57930"}
,"/Users/halimsyarif/Documents/Learn/metaco_test/backend/routes/tournament.js": {"path":"/Users/halimsyarif/Documents/Learn/metaco_test/backend/routes/tournament.js","statementMap":{"0":{"start":{"line":1,"column":15},"end":{"line":1,"column":42}},"1":{"start":{"line":2,"column":29},"end":{"line":2,"column":66}},"2":{"start":{"line":4,"column":0},"end":{"line":4,"column":44}},"3":{"start":{"line":5,"column":0},"end":{"line":5,"column":63}},"4":{"start":{"line":6,"column":0},"end":{"line":6,"column":58}},"5":{"start":{"line":7,"column":0},"end":{"line":7,"column":59}},"6":{"start":{"line":8,"column":0},"end":{"line":8,"column":77}},"7":{"start":{"line":10,"column":0},"end":{"line":10,"column":23}}},"fnMap":{},"branchMap":{},"s":{"0":1,"1":1,"2":1,"3":1,"4":1,"5":1,"6":1,"7":1},"f":{},"b":{},"_coverageSchema":"1a1c01bbd47fc00a2c39e90264f33305004495a9","hash":"10fca88e83a6d11004066f96f56df6c096e7b453"}
,"/Users/halimsyarif/Documents/Learn/metaco_test/backend/routes/users.js": {"path":"/Users/halimsyarif/Documents/Learn/metaco_test/backend/routes/users.js","statementMap":{"0":{"start":{"line":1,"column":15},"end":{"line":1,"column":42}},"1":{"start":{"line":2,"column":23},"end":{"line":2,"column":54}},"2":{"start":{"line":4,"column":0},"end":{"line":4,"column":38}},"3":{"start":{"line":6,"column":0},"end":{"line":6,"column":23}}},"fnMap":{},"branchMap":{},"s":{"0":1,"1":1,"2":1,"3":1},"f":{},"b":{},"_coverageSchema":"1a1c01bbd47fc00a2c39e90264f33305004495a9","hash":"8dee98e681489e579555e4307907e38bf7dfdf7e"}
}
