TN:
SF:app.js
FNF:0
FNH:0
DA:2,1
DA:3,1
DA:4,1
DA:5,1
DA:8,1
DA:9,1
DA:10,1
DA:13,1
DA:17,1
LF:9
LH:9
BRF:0
BRH:0
end_of_record
TN:
SF:controllers/tournaments.js
FN:8,(anonymous_0)
FN:46,(anonymous_1)
FN:80,(anonymous_2)
FN:94,(anonymous_3)
FN:132,(anonymous_4)
FN:149,(anonymous_5)
FN:168,(anonymous_6)
FN:199,(anonymous_7)
FN:213,(anonymous_8)
FNF:9
FNH:0
FNDA:0,(anonymous_0)
FNDA:0,(anonymous_1)
FNDA:0,(anonymous_2)
FNDA:0,(anonymous_3)
FNDA:0,(anonymous_4)
FNDA:0,(anonymous_5)
FNDA:0,(anonymous_6)
FNDA:0,(anonymous_7)
FNDA:0,(anonymous_8)
DA:1,1
DA:2,1
DA:3,1
DA:4,1
DA:5,1
DA:9,0
DA:10,0
DA:12,0
DA:13,0
DA:15,0
DA:39,0
DA:40,0
DA:42,0
DA:47,0
DA:48,0
DA:49,0
DA:51,0
DA:52,0
DA:54,0
DA:58,0
DA:60,0
DA:61,0
DA:64,0
DA:72,0
DA:81,0
DA:82,0
DA:83,0
DA:84,0
DA:88,0
DA:90,0
DA:95,0
DA:96,0
DA:97,0
DA:99,0
DA:100,0
DA:102,0
DA:106,0
DA:108,0
DA:109,0
DA:110,0
DA:112,0
DA:114,0
DA:124,0
DA:133,0
DA:134,0
DA:135,0
DA:136,0
DA:141,0
DA:150,0
DA:151,0
DA:152,0
DA:153,0
DA:157,0
DA:159,0
DA:164,0
DA:169,0
DA:170,0
DA:172,0
DA:173,0
DA:175,0
DA:181,0
DA:183,0
DA:191,0
DA:200,0
DA:201,0
DA:202,0
DA:203,0
DA:207,0
DA:209,0
DA:214,0
DA:215,0
DA:228,0
DA:229,0
DA:231,0
DA:236,1
LF:75
LH:6
BRDA:12,0,0,0
BRDA:12,0,1,0
BRDA:13,1,0,0
BRDA:13,1,1,0
BRDA:51,2,0,0
BRDA:51,2,1,0
BRDA:51,3,0,0
BRDA:51,3,1,0
BRDA:51,3,2,0
BRDA:52,4,0,0
BRDA:52,4,1,0
BRDA:52,5,0,0
BRDA:52,5,1,0
BRDA:58,6,0,0
BRDA:58,6,1,0
BRDA:60,7,0,0
BRDA:60,7,1,0
BRDA:61,8,0,0
BRDA:61,8,1,0
BRDA:99,9,0,0
BRDA:99,9,1,0
BRDA:99,10,0,0
BRDA:99,10,1,0
BRDA:99,10,2,0
BRDA:100,11,0,0
BRDA:100,11,1,0
BRDA:100,12,0,0
BRDA:100,12,1,0
BRDA:100,12,2,0
BRDA:106,13,0,0
BRDA:106,13,1,0
BRDA:108,14,0,0
BRDA:108,14,1,0
BRDA:109,15,0,0
BRDA:109,15,1,0
BRDA:110,16,0,0
BRDA:110,16,1,0
BRDA:112,17,0,0
BRDA:112,17,1,0
BRDA:172,18,0,0
BRDA:172,18,1,0
BRDA:172,19,0,0
BRDA:172,19,1,0
BRDA:172,19,2,0
BRDA:173,20,0,0
BRDA:173,20,1,0
BRDA:181,21,0,0
BRDA:181,21,1,0
BRF:48
BRH:0
end_of_record
TN:
SF:controllers/users.js
FN:5,(anonymous_0)
FNF:1
FNH:1
FNDA:1,(anonymous_0)
DA:1,1
DA:2,1
DA:6,1
DA:7,1
DA:9,1
DA:18,1
DA:19,1
DA:21,0
DA:26,1
LF:9
LH:8
BRDA:13,0,0,0
BRDA:13,0,1,1
BRF:2
BRH:1
end_of_record
TN:
SF:helpers/calculateReward.js
FN:2,calculateReward
FNF:1
FNH:0
FNDA:0,calculateReward
DA:3,0
DA:5,0
DA:7,0
DA:8,0
DA:10,0
DA:11,0
DA:13,0
DA:14,0
DA:17,0
DA:21,1
LF:10
LH:1
BRDA:5,0,0,0
BRDA:5,0,1,0
BRDA:5,0,2,0
BRF:3
BRH:0
end_of_record
TN:
SF:helpers/checkHaveBeenWinner.js
FN:3,(anonymous_0)
FN:5,(anonymous_1)
FNF:2
FNH:0
FNDA:0,(anonymous_0)
FNDA:0,(anonymous_1)
DA:3,1
DA:4,0
DA:5,0
DA:6,0
DA:7,0
DA:9,0
DA:12,0
DA:17,1
LF:8
LH:2
BRDA:4,0,0,0
BRDA:4,0,1,0
BRDA:6,1,0,0
BRDA:6,1,1,0
BRF:4
BRH:0
end_of_record
TN:
SF:helpers/checkIsCorrectLastWinnerTeamId.js
FN:3,(anonymous_0)
FN:4,(anonymous_1)
FNF:2
FNH:0
FNDA:0,(anonymous_0)
FNDA:0,(anonymous_1)
DA:3,1
DA:4,0
DA:5,0
DA:6,0
DA:8,0
DA:13,1
LF:6
LH:2
BRDA:5,0,0,0
BRDA:5,0,1,0
BRF:2
BRH:0
end_of_record
TN:
SF:helpers/checkIsCorrectTeam.js
FN:3,(anonymous_0)
FN:4,(anonymous_1)
FNF:2
FNH:0
FNDA:0,(anonymous_0)
FNDA:0,(anonymous_1)
DA:3,1
DA:4,0
DA:5,0
DA:6,0
DA:8,0
DA:13,1
LF:6
LH:2
BRDA:5,0,0,0
BRDA:5,0,1,0
BRF:2
BRH:0
end_of_record
TN:
SF:middlewares/errorhandler.js
FN:1,(anonymous_0)
FNF:1
FNH:0
FNDA:0,(anonymous_0)
DA:1,1
DA:2,0
DA:3,0
DA:5,0
DA:7,0
DA:8,0
DA:9,0
DA:12,0
DA:13,0
DA:14,0
DA:17,0
DA:18,0
DA:19,0
DA:22,0
DA:23,0
DA:24,0
DA:27,0
DA:28,0
DA:29,0
DA:32,0
DA:33,0
DA:34,0
DA:37,0
DA:38,0
DA:39,0
DA:42,0
DA:43,0
DA:46,1
LF:28
LH:2
BRDA:5,0,0,0
BRDA:5,0,1,0
BRDA:5,0,2,0
BRDA:5,0,3,0
BRDA:5,0,4,0
BRDA:5,0,5,0
BRDA:5,0,6,0
BRF:7
BRH:0
end_of_record
TN:
SF:models/index.js
FN:27,(anonymous_0)
FN:30,(anonymous_1)
FN:35,(anonymous_2)
FNF:3
FNH:3
FNDA:6,(anonymous_0)
FNDA:5,(anonymous_1)
FNDA:5,(anonymous_2)
DA:3,1
DA:4,1
DA:5,1
DA:6,1
DA:7,1
DA:8,1
DA:9,1
DA:10,1
DA:11,1
DA:14,1
DA:15,0
DA:17,1
DA:25,1
DA:28,6
DA:31,5
DA:32,5
DA:35,1
DA:36,5
DA:37,5
DA:41,1
DA:42,1
DA:44,1
LF:22
LH:21
BRDA:8,0,0,1
BRDA:8,0,1,0
BRDA:14,1,0,0
BRDA:14,1,1,1
BRDA:28,2,0,6
BRDA:28,2,1,6
BRDA:28,2,2,5
BRDA:36,3,0,5
BRDA:36,3,1,0
BRF:9
BRH:6
end_of_record
TN:
SF:models/team.js
FN:5,(anonymous_0)
FN:8,(anonymous_1)
FNF:2
FNH:2
FNDA:1,(anonymous_0)
FNDA:1,(anonymous_1)
DA:4,1
DA:5,1
DA:9,1
DA:10,1
DA:11,1
DA:14,1
DA:35,1
LF:7
LH:7
BRF:0
BRH:0
end_of_record
TN:
SF:models/team_member.js
FN:5,(anonymous_0)
FN:12,(anonymous_1)
FNF:2
FNH:2
FNDA:1,(anonymous_0)
FNDA:1,(anonymous_1)
DA:4,1
DA:5,1
DA:14,1
DA:17,1
DA:38,1
LF:5
LH:5
BRF:0
BRH:0
end_of_record
TN:
SF:models/tournament.js
FN:5,(anonymous_0)
FN:12,(anonymous_1)
FNF:2
FNH:2
FNDA:1,(anonymous_0)
FNDA:1,(anonymous_1)
DA:4,1
DA:5,1
DA:14,1
DA:15,1
DA:18,1
DA:43,1
LF:6
LH:6
BRF:0
BRH:0
end_of_record
TN:
SF:models/tournament_result.js
FN:5,(anonymous_0)
FN:12,(anonymous_1)
FNF:2
FNH:2
FNDA:1,(anonymous_0)
FNDA:1,(anonymous_1)
DA:4,1
DA:5,1
DA:14,1
DA:17,1
DA:38,1
LF:5
LH:5
BRF:0
BRH:0
end_of_record
TN:
SF:models/user.js
FN:5,(anonymous_0)
FN:8,(anonymous_1)
FNF:2
FNH:2
FNDA:1,(anonymous_0)
FNDA:1,(anonymous_1)
DA:4,1
DA:5,1
DA:10,1
DA:13,1
DA:44,1
LF:5
LH:5
BRF:0
BRH:0
end_of_record
TN:
SF:routes/index.js
FNF:0
FNH:0
DA:1,1
DA:2,1
DA:3,1
DA:4,1
DA:6,1
DA:7,1
DA:10,1
DA:14,1
LF:8
LH:8
BRF:0
BRH:0
end_of_record
TN:
SF:routes/tournament.js
FNF:0
FNH:0
DA:1,1
DA:2,1
DA:4,1
DA:5,1
DA:6,1
DA:7,1
DA:8,1
DA:10,1
LF:8
LH:8
BRF:0
BRH:0
end_of_record
TN:
SF:routes/users.js
FNF:0
FNH:0
DA:1,1
DA:2,1
DA:4,1
DA:6,1
LF:4
LH:4
BRF:0
BRH:0
end_of_record
